  absoluteDiff: [ 1054, 9177, -479 ],
  absoluteDiff: [ 1100, 8739, -433 ],
  absoluteDiff: [ 1219, 7349, -368 ],
  absoluteDiff: [ 1161, 7658, -353 ],
  absoluteDiff: [ 1084, 7107, -414 ],
  absoluteDiff: [ 1050, 7202, -433 ],
  absoluteDiff: [ 966, 5635, -449 ],
  absoluteDiff: [ 852, 5655, -471 ],
  absoluteDiff: [ 916, 5102, -391 ],
  absoluteDiff: [ 728, 5056, -414 ],
  absoluteDiff: [ 759, 5213, -387 ],

  absoluteDiff: [ 771, 4922, -398 ],
  absoluteDiff: [ 751, 5179, -410 ],
  absoluteDiff: [ 763, 5144, -372 ],
  absoluteDiff: [ 671, 4968, -433 ],
  absoluteDiff: [ 778, 5113, -368 ],

  absoluteDiff: [ 809, 5216, -364 ],
  absoluteDiff: [ 752, 5168, -417 ],
  absoluteDiff: [ 767, 5198, -399 ],
  absoluteDiff: [ 705, 5106, -479 ],
  absoluteDiff: [ 778, 5224, -414 ],

  absoluteDiff: [ 667, 4964, -406 ],
  absoluteDiff: [ 678, 4914, -357 ],
  absoluteDiff: [ 651, 5036, -349 ],
  absoluteDiff: [ 636, 4941, -411 ],

  absoluteDiff: [ 533, 4554, -349 ],
  absoluteDiff: [ 471, 4883, -430 ],
  absoluteDiff: [ 456, 5006, -433 ],
  absoluteDiff: [ 555, 4649, -395 ],
  absoluteDiff: [ 601, 4811, -437 ],
  absoluteDiff: [ 713, 4753, -352 ],

  absoluteDiff: [ 509, 4945, -399 ],
  absoluteDiff: [ 909, 4543, -452 ],
  absoluteDiff: [ 628, 5078, -361 ],
  absoluteDiff: [ 705, 4814, -361 ],
  absoluteDiff: [ 548, 4565, -387 ],
  absoluteDiff: [ 525, 4917, -380 ],

  absoluteDiff: [ 683, 4850, -390 ],
  absoluteDiff: [ 644, 5117, -429 ],
  absoluteDiff: [ 725, 5179, -364 ],

  absoluteDiff: [ 675, 5056, -398 ],
  absoluteDiff: [ 697, 5075, -384 ],
  absoluteDiff: [ 586, 5063, -487 ],
  absoluteDiff: [ 690, 5144, -368 ],
  absoluteDiff: [ 667, 4842, -414 ],
  absoluteDiff: [ 686, 5542, -392 ],
  absoluteDiff: [ 636, 5229, -429 ],
  absoluteDiff: [ 679, 5190, -394 ],
  absoluteDiff: [ 737, 5639, -421 ],
  absoluteDiff: [ 602, 5654, -491 ],
  absoluteDiff: [ 717, 5263, -356 ],
  absoluteDiff: [ 671, 5344, -402 ],
  absoluteDiff: [ 671, 5581, -398 ],
  absoluteDiff: [ 667, 5647, -394 ],
  absoluteDiff: [ 671, 5551, -403 ],

  absoluteDiff: [ 598, 5099, -540 ],
  absoluteDiff: [ 656, 5186, -364 ],
  absoluteDiff: [ 583, 5152, -437 ],
  absoluteDiff: [ 671, 5439, -364 ],
  absoluteDiff: [ 690, 5397, -422 ],
  absoluteDiff: [ 582, 5271, -441 ],
  absoluteDiff: [ 613, 5052, -449 ],
  absoluteDiff: [ 670, 5489, -403 ],
  absoluteDiff: [ 572, 5478, -383 ],
  absoluteDiff: [ 614, 5470, -398 ],
  absoluteDiff: [ 664, 5590, -382 ],
  absoluteDiff: [ 583, 5340, -418 ],

  absoluteDiff: [ 613, 5968, -430 ],
  absoluteDiff: [ 559, 5887, -434 ],
  absoluteDiff: [ 648, 5562, -375 ],
  absoluteDiff: [ 594, 5727, -384 ],
  absoluteDiff: [ 633, 5743, -394 ],
  absoluteDiff: [ 618, 5459, -379 ],
  absoluteDiff: [ 498, 5880, -487 ],
  absoluteDiff: [ 586, 5454, -415 ],
  absoluteDiff: [ 655, 5305, -372 ],
  absoluteDiff: [ 617, 5344, -418 ],
  absoluteDiff: [ 602, 5776, -434 ],
  absoluteDiff: [ 518, 5252, -490 ],
  absoluteDiff: [ 566, 5676, -415 ],
  absoluteDiff: [ 599, 5555, -360 ],
  absoluteDiff: [ 594, 5393, -380 ],
  absoluteDiff: [ 559, 5531, -434 ],
  absoluteDiff: [ 457, 5497, -532 ],
  absoluteDiff: [ 564, 5708, -453 ],
  absoluteDiff: [ 553, 5766, -421 ],
  absoluteDiff: [ 626, 5839, -386 ],
  absoluteDiff: [ 586, 5493, -391 ],
  absoluteDiff: [ 924, 5693, -418 ],

  absoluteDiff: [ 1406, 6091, -395 ],
  absoluteDiff: [ 1529, 6056, -364 ],

  absoluteDiff: [ 560, 5788, -429 ],

  absoluteDiff: [ 226, 5949, -434 ],
  absoluteDiff: [ 303, 5612, -360 ],
  absoluteDiff: [ 299, 6022, -391 ],

  absoluteDiff: [ 311, 6233, -391 ],
  absoluteDiff: [ 3201, 9319, 3745 ],

  absoluteDiff: [ 195, 6194, -510 ],
  absoluteDiff: [ 2963, 8901, 3032 ],

  absoluteDiff: [ 310, 6103, -395 ],
  absoluteDiff: [ 3695, 8656, 3431 ],

  absoluteDiff: [ 272, 6191, -414 ],
  absoluteDiff: [ 3388, 10292, 3711 ],

  absoluteDiff: [ 310, 7095, -380 ],
  absoluteDiff: [ 3443, 12325, 4624 ],

  absoluteDiff: [ 104, 8759, -598 ],
  absoluteDiff: [ 3477, 15387, 5420 ],

  absoluteDiff: [ 310, 7175, -391 ],
  absoluteDiff: [ 3921, 13696, 4757 ],

  absoluteDiff: [ 153, 6037, -518 ],
  absoluteDiff: [ 3028, 10407, 3411 ],

  absoluteDiff: [ 345, 6724, -368 ],
  absoluteDiff: [ 2833, 10603, 3826 ],

  absoluteDiff: [ 299, 6632, -440 ],
  absoluteDiff: [ 3562, 8932, 3577 ],

  absoluteDiff: [ 252, 6885, -445 ],
  absoluteDiff: [ 3048, 10147, 4470 ],

  absoluteDiff: [ 272, 6635, -449 ],
  absoluteDiff: [ 2634, 10420, 4202 ],

  absoluteDiff: [ 241, 6221, -422 ],
  absoluteDiff: [ 3546, 10254, 3496 ],

  absoluteDiff: [ 283, 7176, -514 ],
  absoluteDiff: [ 3465, 12665, 4071 ],

  absoluteDiff: [ 222, 7248, -564 ],
  absoluteDiff: [ 3346, 10542, 4144 ],

  absoluteDiff: [ 234, 5769, -468 ],
  absoluteDiff: [ 3128, 9683, 3561 ],

  absoluteDiff: [ 288, 5907, -414 ],
  absoluteDiff: [ 3458, 10136, 3842 ],

  absoluteDiff: [ 295, 5708, -402 ],
  absoluteDiff: [ 3802, 8575, 2802 ],
  absoluteDiff: [ 254, 5816, -421 ],
  absoluteDiff: [ 3545, 10507, 3300 ],
  absoluteDiff: [ 322, 6195, -341 ],
  absoluteDiff: [ 2741, 10001, 3543 ],

  absoluteDiff: [ 261, 5781, -433 ],
  absoluteDiff: [ 3814, 10764, 4075 ],
  absoluteDiff: [ 299, 5727, -391 ],
  absoluteDiff: [ 3718, 10246, 3297 ],
  absoluteDiff: [ 299, 5662, -391 ],
  absoluteDiff: [ 3393, 9940, 3787 ],

  absoluteDiff: [ 273, 5685, -387 ],
  absoluteDiff: [ 3140, 9779, 3523 ],
  absoluteDiff: [ 337, 5750, -353 ],
  absoluteDiff: [ 3025, 10251, 3174 ],

  absoluteDiff: [ 292, 5662, -402 ],
  absoluteDiff: [ 7169, 25013, 2235 ],
  absoluteDiff: [ 249, 5562, -487 ],
  absoluteDiff: [ 7306, 25614, 2265 ],

  absoluteDiff: [ 368, 5052, -330 ],
  absoluteDiff: [ 3680, 6624, 2373 ],
  absoluteDiff: [ 299, 4838, -341 ],
  absoluteDiff: [ 2207, 4285, 1878 ],

  absoluteDiff: [ 326, 5972, -334 ],
  absoluteDiff: [ 234, 5934, -433 ],

  absoluteDiff: [ 272, 5987, -422 ],
  absoluteDiff: [ 307, 5995, -372 ],
  absoluteDiff: [ 303, 6014, -395 ],

  absoluteDiff: [ 257, 4934, -440 ],
  absoluteDiff: [ 2549, 6463, 2484 ],
  absoluteDiff: [ 315, 4945, -406 ],
  absoluteDiff: [ 2752, 6405, 2231 ],

  absoluteDiff: [ 261, 5777, -448 ],

  absoluteDiff: [ 253, 6597, -422 ],
  absoluteDiff: [ 6157, 9366, 5230 ],
  absoluteDiff: [ 352, 6723, -357 ],
  absoluteDiff: [ 6076, 8871, 3845 ],

  absoluteDiff: [ 311, 6601, -376 ],
  absoluteDiff: [ 6272, 8928, 4757 ],
  absoluteDiff: [ 296, 7150, -405 ],
  absoluteDiff: [ 5620, 8852, 3953 ],

  absoluteDiff: [ 299, 6858, -368 ],
  absoluteDiff: [ 6195, 7265, 4604 ],
  absoluteDiff: [ 311, 7483, -387 ],
  absoluteDiff: [ 6229, 9588, 5060 ],
  absoluteDiff: [ 256, 6953, -403 ],
  absoluteDiff: [ 6049, 7452, 4301 ],

  absoluteDiff: [ 265, 6747, -436 ],
  absoluteDiff: [ 6225, 7571, 4588 ],
  absoluteDiff: [ 264, 6766, -395 ],
  absoluteDiff: [ 6191, 8824, 4331 ],

  absoluteDiff: [ 276, 6927, -395 ],
  absoluteDiff: [ 6498, 9775, 4888 ],
  absoluteDiff: [ 223, 7058, -463 ],
  absoluteDiff: [ 6417, 9154, 4577 ],
  absoluteDiff: [ 264, 6911, -430 ],
  absoluteDiff: [ 6402, 8993, 4662 ],
  absoluteDiff: [ 307, 7241, -395 ],
  absoluteDiff: [ 6555, 9331, 4964 ],

  absoluteDiff: [ 310, 7011, -422 ],
  absoluteDiff: [ 6379, 8993, 5386 ],
  absoluteDiff: [ 295, 6850, -391 ],
  absoluteDiff: [ 6130, 9392, 4781 ],

  absoluteDiff: [ 295, 6605, -422 ],
  absoluteDiff: [ 3170, 8069, 4274 ],

  absoluteDiff: [ 353, 6544, -360 ],
  absoluteDiff: [ 284, 6697, -402 ],
  absoluteDiff: [ 219, 6230, -479 ],
  absoluteDiff: [ 314, 6394, -380 ],

  absoluteDiff: [ 364, 6528, -303 ],
  absoluteDiff: [ 314, 6578, -399 ],
  absoluteDiff: [ 280, 6774, -433 ],
  absoluteDiff: [ 276, 6306, -429 ],

  absoluteDiff: [ 380, 6444, -348 ],
  absoluteDiff: [ 296, 6598, -394 ],
  absoluteDiff: [ 372, 6639, -345 ],
  absoluteDiff: [ 307, 6766, -368 ],

  absoluteDiff: [ 295, 6482, -418 ],
  absoluteDiff: [ 292, 6302, -429 ],
  absoluteDiff: [ 291, 6313, -402 ],
  absoluteDiff: [ 253, 6409, -449 ],
  absoluteDiff: [ 238, 6678, -448 ],
  absoluteDiff: [ 295, 6466, -403 ],

  absoluteDiff: [ 218, 6263, -510 ],
  absoluteDiff: [ 352, 6251, -372 ],
  absoluteDiff: [ 311, 6590, -379 ],
  absoluteDiff: [ 357, 6421, -341 ],

  absoluteDiff: [ 337, 5980, -349 ],
  absoluteDiff: [ 313, 6064, -368 ],

  absoluteDiff: [ 269, 6448, -383 ],
  absoluteDiff: [ 2450, 7828, 3359 ],
  absoluteDiff: [ 283, 6524, -407 ],
  absoluteDiff: [ 2557, 7767, 3604 ],
  absoluteDiff: [ 337, 6336, -357 ],
  absoluteDiff: [ 2518, 7824, 3890 ],

  absoluteDiff: [ 237, 6524, -410 ],
  absoluteDiff: [ 3925, 6754, 3860 ],

  absoluteDiff: [ 364, 6325, -368 ],
  absoluteDiff: [ 349, 6352, -364 ],
  absoluteDiff: [ 3814, 6562, 3277 ],
  absoluteDiff: [ 241, 6585, -426 ],
  absoluteDiff: [ 3899, 6924, 4002 ],
  absoluteDiff: [ 299, 6378, -422 ],
  absoluteDiff: [ 3718, 6804, 3522 ],

  absoluteDiff: [ 261, 6490, -471 ],
  absoluteDiff: [ 4087, 6862, 3588 ],
  absoluteDiff: [ 245, 6379, -456 ],
  absoluteDiff: [ 3849, 6662, 3695 ],

  absoluteDiff: [ 238, 6409, -445 ],
  absoluteDiff: [ 3699, 6306, 3565 ],
  absoluteDiff: [ 253, 6371, -425 ],
  absoluteDiff: [ 3853, 6812, 3526 ],
  absoluteDiff: [ 295, 6214, -403 ],
  absoluteDiff: [ 3796, 7311, 3607 ],

  absoluteDiff: [ 3999, 7437, 403 ],
  absoluteDiff: [ 3848, 7647, 675 ],

  absoluteDiff: [ 299, 6873, -399 ],
  absoluteDiff: [ 210, 6815, -495 ],
  absoluteDiff: [ 3967, 7536, 4278 ],
  absoluteDiff: [ 345, 6705, -356 ],
  absoluteDiff: [ 3780, 7023, 4056 ],

  absoluteDiff: [ 364, 6482, -460 ],
  absoluteDiff: [ 3999, 7353, 4267 ],
  absoluteDiff: [ 407, 6586, -360 ],
  absoluteDiff: [ 3469, 7008, 3876 ],
  absoluteDiff: [ 422, 6881, -394 ],
  absoluteDiff: [ 3956, 6931, 4205 ],

  // status funcs inline
  absoluteDiff: [ 310, 6850, -383 ],
  absoluteDiff: [ 3722, 6264, 3637 ],
  absoluteDiff: [ 226, 6769, -460 ],
  absoluteDiff: [ 4005, 7306, 3933 ],
  absoluteDiff: [ 269, 6498, -402 ],
  absoluteDiff: [ 3826, 6973, 3945 ],

  absoluteDiff: [ 307, 6770, -325 ],
  absoluteDiff: [ 3999, 6149, 3477 ],
  absoluteDiff: [ 226, 6505, -445 ],
  absoluteDiff: [ 3703, 5926, 3557 ],
  absoluteDiff: [ 249, 6286, -376 ],
  absoluteDiff: [ 3752, 6148, 3630 ],
  absoluteDiff: [ 219, 6244, -414 ],
  absoluteDiff: [ 3726, 7444, 4822 ],

  absoluteDiff: [ 214, 6578, -360 ],
  absoluteDiff: [ 3818, 6206, 3304 ],
  absoluteDiff: [ 126, 6255, -480 ],
  absoluteDiff: [ 3814, 6505, 3507 ],
  absoluteDiff: [ 230, 6647, -372 ],
  absoluteDiff: [ 3906, 7008, 3623 ],

  absoluteDiff: [ 245, 6559, -376 ],
  absoluteDiff: [ 4006, 6421, 3975 ],
  absoluteDiff: [ 192, 7375, -422 ],
  absoluteDiff: [ 4198, 6659, 3941 ],

  absoluteDiff: [ 230, 6961, -418 ],
  absoluteDiff: [ 3880, 7253, 4332 ],
  absoluteDiff: [ 231, 6828, -459 ],
  absoluteDiff: [ 3473, 6571, 4516 ],
  absoluteDiff: [ 202, 6628, -472 ],
  absoluteDiff: [ 3891, 6842, 4566 ],

  absoluteDiff: [ 257, 6835, -421 ],
  absoluteDiff: [ 280, 7141, -402 ],
  absoluteDiff: [ 3626, 7540, 4535 ],
  absoluteDiff: [ 253, 6689, -398 ],
  absoluteDiff: [ 3764, 6946, 4255 ],

  absoluteDiff: [ 250, 7203, -379 ],
  absoluteDiff: [ 3657, 7038, 4719 ],
  absoluteDiff: [ 268, 7605, -406 ],
  absoluteDiff: [ 3921, 8479, 5339 ],
  absoluteDiff: [ 315, 7533, -371 ],
  absoluteDiff: [ 4021, 7106, 4600 ],

  absoluteDiff: [ 226, 6945, -457 ],
  absoluteDiff: [ 3837, 6755, 4290 ],
  absoluteDiff: [ 340, 7026, -334 ],
  absoluteDiff: [ 3906, 6747, 4474 ],
  absoluteDiff: [ 307, 6678, -360 ],
  absoluteDiff: [ 4232, 7107, 4189 ],
  absoluteDiff: [ 268, 6893, -391 ],
  absoluteDiff: [ 4006, 6606, 4060 ],
  absoluteDiff: [ 249, 6996, -399 ],
  absoluteDiff: [ 4079, 6548, 4312 ],

  // constants in separate module
  absoluteDiff: [ 571, 7030, -353 ],
  absoluteDiff: [ 3967, 7387, 4358 ],
  absoluteDiff: [ 586, 7505, -388 ],
  absoluteDiff: [ 4044, 8491, 5436 ],

  // fix constants
  absoluteDiff: [ 230, 6728, -406 ],
  absoluteDiff: [ 299, 6839, -357 ],
  absoluteDiff: [ 211, 7138, -452 ],

  // functions as methods
  absoluteDiff: [ 265, 6724, -429 ],
  absoluteDiff: [ 3825, 6531, 3994 ],
  absoluteDiff: [ 288, 6858, -406 ],
  absoluteDiff: [ 4462, 7026, 4075 ],
  absoluteDiff: [ 265, 6996, -406 ],
  absoluteDiff: [ 3642, 7165, 4405 ],
  absoluteDiff: [ 180, 6935, -502 ],
  absoluteDiff: [ 3745, 6835, 4029 ],

  absoluteDiff: [ 227, 6981, -448 ],
  absoluteDiff: [ 3979, 7153, 4167 ],
  absoluteDiff: [ 272, 6743, -398 ],
  absoluteDiff: [ 3684, 7364, 4424 ],
  absoluteDiff: [ 123, 7004, -540 ],
  absoluteDiff: [ 3883, 7203, 4174 ],

  absoluteDiff: [ 165, 6616, -507 ],
  absoluteDiff: [ 3830, 6785, 4612 ],
  absoluteDiff: [ 280, 6547, -364 ],
  absoluteDiff: [ 3925, 6543, 4040 ],